[    0.000000] Initializing cgroup subsys cpuset
[    0.000000] Initializing cgroup subsys cpu
[    0.000000] Initializing cgroup subsys cpuacct
[    0.000000] Linux version 4.4.0-53-generic (buildd@lcy01-28) (gcc version 5.4.0 20160609 (Ubuntu 5.4.0-6ubuntu1~16.04.4) ) #74-Ubuntu SMP Fri Dec 2 15:59:10 UTC 2016 (Ubuntu 4.4.0-53.74-generic 4.4.30)
[    0.000000] Command line: BOOT_IMAGE=/boot/vmlinuz-4.4.0-53-generic root=LABEL=cloudimg-rootfs ro console=tty1 console=ttyS0
[    0.000000] KERNEL supported cpus:
[    0.000000]   Intel GenuineIntel
[    0.000000]   AMD AuthenticAMD
[    0.000000]   Centaur CentaurHauls
[    0.000000] x86/fpu: Legacy x87 FPU detected.
[    0.000000] x86/fpu: Using 'lazy' FPU context switches.
[    0.000000] e820: BIOS-provided physical RAM map:
[    0.000000] BIOS-e820: [mem 0x0000000000000000-0x000000000009fbff] usable
[    0.000000] BIOS-e820: [mem 0x000000000009fc00-0x000000000009ffff] reserved
[    0.000000] BIOS-e820: [mem 0x00000000000f0000-0x00000000000fffff] reserved
[    0.000000] BIOS-e820: [mem 0x0000000000100000-0x000000005ffeffff] usable
[    0.000000] BIOS-e820: [mem 0x000000005fff0000-0x000000005fffffff] ACPI data
[    0.000000] BIOS-e820: [mem 0x00000000fec00000-0x00000000fec00fff] reserved
[    0.000000] BIOS-e820: [mem 0x00000000fee00000-0x00000000fee00fff] reserved
[    0.000000] BIOS-e820: [mem 0x00000000fffc0000-0x00000000ffffffff] reserved
[    0.000000] NX (Execute Disable) protection: active
[    0.000000] SMBIOS 2.5 present.
[    0.000000] Hypervisor detected: KVM
[    0.000000] e820: last_pfn = 0x5fff0 max_arch_pfn = 0x400000000
[    0.000000] MTRR: Disabled
[    0.000000] x86/PAT: MTRRs disabled, skipping PAT initialization too.
[    0.000000] x86/PAT: Configuration [0-7]: WB  WT  UC- UC  WB  WT  UC- UC  
[    0.000000] CPU MTRRs all blank - virtualized system.
[    0.000000] found SMP MP-table at [mem 0x0009fff0-0x0009ffff] mapped at [ffff88000009fff0]
[    0.000000] Scanning 1 areas for low memory corruption
[    0.000000] RAMDISK: [mem 0x36f3a000-0x37794fff]
[    0.000000] ACPI: Early table checksum verification disabled
[    0.000000] ACPI: RSDP 0x00000000000E0000 000024 (v02 VBOX  )
[    0.000000] ACPI: XSDT 0x000000005FFF0030 00003C (v01 VBOX   VBOXXSDT 00000001 ASL  00000061)
[    0.000000] ACPI: FACP 0x000000005FFF00F0 0000F4 (v04 VBOX   VBOXFACP 00000001 ASL  00000061)
[    0.000000] ACPI: DSDT 0x000000005FFF0470 00210F (v01 VBOX   VBOXBIOS 00000002 INTL 20100528)
[    0.000000] ACPI: FACS 0x000000005FFF0200 000040
[    0.000000] ACPI: FACS 0x000000005FFF0200 000040
[    0.000000] ACPI: APIC 0x000000005FFF0240 000054 (v02 VBOX   VBOXAPIC 00000001 ASL  00000061)
[    0.000000] ACPI: SSDT 0x000000005FFF02A0 0001CC (v01 VBOX   VBOXCPUT 00000002 INTL 20100528)
[    0.000000] No NUMA configuration found
[    0.000000] Faking a node at [mem 0x0000000000000000-0x000000005ffeffff]
[    0.000000] NODE_DATA(0) allocated [mem 0x5ffeb000-0x5ffeffff]
[    0.000000] kvm-clock: Using msrs 4b564d01 and 4b564d00
[    0.000000] kvm-clock: cpu 0, msr 0:5ffe7001, primary cpu clock
[    0.000000] kvm-clock: using sched offset of 12213473568 cycles
[    0.000000] clocksource: kvm-clock: mask: 0xffffffffffffffff max_cycles: 0x1cd42e4dffb, max_idle_ns: 881590591483 ns
[    0.000000] Zone ranges:
[    0.000000]   DMA      [mem 0x0000000000001000-0x0000000000ffffff]
[    0.000000]   DMA32    [mem 0x0000000001000000-0x000000005ffeffff]
[    0.000000]   Normal   empty
[    0.000000]   Device   empty
[    0.000000] Movable zone start for each node
[    0.000000] Early memory node ranges
[    0.000000]   node   0: [mem 0x0000000000001000-0x000000000009efff]
[    0.000000]   node   0: [mem 0x0000000000100000-0x000000005ffeffff]
[    0.000000] Initmem setup node 0 [mem 0x0000000000001000-0x000000005ffeffff]
[    0.000000] ACPI: PM-Timer IO Port: 0x4008
[    0.000000] IOAPIC[0]: apic_id 1, version 32, address 0xfec00000, GSI 0-23
[    0.000000] ACPI: INT_SRC_OVR (bus 0 bus_irq 0 global_irq 2 dfl dfl)
[    0.000000] ACPI: INT_SRC_OVR (bus 0 bus_irq 9 global_irq 9 high level)
[    0.000000] Using ACPI (MADT) for SMP configuration information
[    0.000000] smpboot: Allowing 1 CPUs, 0 hotplug CPUs
[    0.000000] PM: Registered nosave memory: [mem 0x00000000-0x00000fff]
[    0.000000] PM: Registered nosave memory: [mem 0x0009f000-0x0009ffff]
[    0.000000] PM: Registered nosave memory: [mem 0x000a0000-0x000effff]
[    0.000000] PM: Registered nosave memory: [mem 0x000f0000-0x000fffff]
[    0.000000] e820: [mem 0x60000000-0xfebfffff] available for PCI devices
[    0.000000] Booting paravirtualized kernel on KVM
[    0.000000] clocksource: refined-jiffies: mask: 0xffffffff max_cycles: 0xffffffff, max_idle_ns: 7645519600211568 ns
[    0.000000] setup_percpu: NR_CPUS:256 nr_cpumask_bits:256 nr_cpu_ids:1 nr_node_ids:1
[    0.000000] PERCPU: Embedded 33 pages/cpu @ffff88005fc00000 s98008 r8192 d28968 u2097152
[    0.000000] PV qspinlock hash table entries: 256 (orde: 0, 4096 bytes)
[    0.000000] Built 1 zonelists in Node order, mobility grouping on.  Total pages: 386937
[    0.000000] Policy zone: DMA32
[    0.000000] Kernel command line: BOOT_IMAGE=/boot/vmlinuz-4.4.0-53-generic root=LABEL=cloudimg-rootfs ro console=tty1 console=ttyS0
[    0.000000] PID hash table entries: 4096 (order: 3, 32768 bytes)
[    0.000000] Memory: 1520304K/1572408K available (8427K kernel code, 1285K rwdata, 3956K rodata, 1480K init, 1292K bss, 52104K reserved, 0K cma-reserved)
[    0.000000] SLUB: HWalign=64, Order=0-3, MinObjects=0, CPUs=1, Nodes=1
[    0.000000] Hierarchical RCU implementation.
[    0.000000] 	Build-time adjustment of leaf fanout to 64.
[    0.000000] 	RCU restricting CPUs from NR_CPUS=256 to nr_cpu_ids=1.
[    0.000000] RCU: Adjusting geometry for rcu_fanout_leaf=64, nr_cpu_ids=1
[    0.000000] NR_IRQS:16640 nr_irqs:256 16
[    0.000000] Console: colour VGA+ 80x25
[    0.000000] console [tty1] enabled
[    0.000000] console [ttyS0] enabled
[    0.000000] tsc: Detected 2275.588 MHz processor
[    0.629911] Calibrating delay loop (skipped) preset value.. 4551.17 BogoMIPS (lpj=9102352)
[    0.632317] pid_max: default: 32768 minimum: 301
[    0.634096] ACPI: Core revision 20150930
[    0.738773] ACPI: 2 ACPI AML tables successfully acquired and loaded
[    0.740552] Security Framework initialized
[    0.741626] Yama: becoming mindful.
[    0.742603] AppArmor: AppArmor initialized
[    0.750361] Dentry cache hash table entries: 262144 (order: 9, 2097152 bytes)
[    0.759900] Inode-cache hash table entries: 131072 (order: 8, 1048576 bytes)
[    0.764449] Mount-cache hash table entries: 4096 (order: 3, 32768 bytes)
[    0.767428] Mountpoint-cache hash table entries: 4096 (order: 3, 32768 bytes)
[    0.769372] Initializing cgroup subsys io
[    0.776505] Initializing cgroup subsys memory
[    0.777909] Initializing cgroup subsys devices
[    0.779055] Initializing cgroup subsys freezer
[    0.780277] Initializing cgroup subsys net_cls
[    0.781447] Initializing cgroup subsys perf_event
[    0.782855] Initializing cgroup subsys net_prio
[    0.784029] Initializing cgroup subsys hugetlb
[    0.785214] Initializing cgroup subsys pids
[    0.786420] CPU: Physical Processor ID: 0
[    0.787515] mce: CPU supports 0 MCE banks
[    0.788631] process: using mwait in idle threads
[    0.796879] Last level iTLB entries: 4KB 512, 2MB 7, 4MB 7
[    0.811489] Last level dTLB entries: 4KB 512, 2MB 32, 4MB 32, 1GB 0
[    0.835319] Freeing SMP alternatives memory: 32K (ffffffff820b5000 - ffffffff820bd000)
[    0.851152] ftrace: allocating 32053 entries in 126 pages
[    1.035844] smpboot: Max logical packages: 1
[    1.039126] smpboot: APIC(0) Converting physical 0 to logical package 0
[    1.041919] x2apic enabled
[    1.077274] Switched APIC routing to physical x2apic.
[    1.081516] ..TIMER: vector=0x30 apic1=0 pin1=2 apic2=-1 pin2=-1
[    1.190209] smpboot: CPU0: Intel(R) Core(TM) i3 CPU       M 350  @ 2.27GHz (family: 0x6, model: 0x25, stepping: 0x2)
[    1.198375] Performance Events: unsupported p6 CPU model 37 no PMU driver, software events only.
[    1.259879] KVM setup ravirtual spinlock
[    1.377544] x86: Booted up 1 node, 1 CPUs
[    1.386026] smpoot: Total of 1 processors activated (4551.17 BogoMIPS)
[    1.495202] devtmpfs: initialized
[    1.501913] evm: security.selinux
[    1.505288] evm: security.SMACK64
[    1.506972] evm: security.SMACK64EXEC
[    1.508813] evm: security.SMACK64TRANSMUTE
[    1.513314] evm: security.SMACK64MMAP
[    1.515219] evm: security.ima
[    1.516771] evm: security.capability
[    1.519846] clocksource: jiffies: mask: 0xffffffff max_cycles: 0xffffffff, max_idle_ns: 7645041785100000 ns
[    1.525590] pinctrl core: initialized pinctrl subsystem
[    1.531918] RTC time: 10:01:08, date: 12/10/16
[    1.534292] NET: Registered protocol family 16
[    1.537036] cpuidle: using governor ladder
[    1.539161] cpuidle: using governor menu
[    1.541114] PCCT header not found.
[    1.543133] ACPI: bus type PCI registered
[    1.545390] acpiphp: ACPI Hot Plug PCI Controller Driver version: 0.5
[    1.553865] PCI: Using configuration type 1 for base access
[    1.559332] ACPI: Added _OSI(Module Device)
[    1.561751] ACPI: Added _OSI(Processor Device)
[    1.564070] ACPI: Added _OSI(3.0 _SCP Extensions)
[    1.566528] ACPI: Added _OSI(Processor Aggregator Device)
[    1.573199] ACPI: Executed 1 blocks of module-level executable AML code
[    1.609204] ACPI: Interpreter enabled
[    1.611367] ACPI: (supports S0 S5)
[    1.613476] ACPI: Using IOAPIC for interrupt routing
[    1.618981] PCI: Using host bridge windows from ACPI; if necessary, use "pci=nocrs" and report a bug
[    1.637247] ACPI: PCI Root Bridge [PCI0] (domain 0000 [bus 00-ff])
[    1.640547] acpi PNP0A03:00: _OSC: OS supports [ASPM ClockPM Segments MSI]
[    1.644022] acpi PNP0A03:00: _OSC failed (AE_NOT_FOUND); disabling ASPM
[    1.647624] acpi PNP0A03:00: fail to add MMCONFIG information, can't access extended PCI configuration space under this bridge.
[    1.654274] PCI host bridge to bus 0000:00
[    1.656501] pci_bus 0000:00: root bus resource [io  0x0000-0x0cf7 window]
[    1.659266] pci_bus 0000:00: root bus resource [io  0x0d00-0xffff window]
[    1.662943] pci_bus 0000:00: root bus resource [mem 0x000a0000-0x000bffff window]
[    1.666715] pci_bus 0000:00: root bus resource [mem 0x60000000-0xffdfffff window]
[    1.670860] pci_bus 0000:00: root bus resource [bus 00-ff]
[    1.677214] pci 0000:00:01.1: legacy IDE quirk: reg 0x10: [io  0x01f0-0x01f7]
[    1.680382] pci 0000:00:01.1: legacy IDE quirk: reg 0x14: [io  0x03f6]
[    1.683784] pci 0000:00:01.1: legacy IDE quirk: reg 0x18: [io  0x0170-0x0177]
[    1.686881] pci 0000:00:01.1: legacy IDE quirk: reg 0x1c: [io  0x0376]
[    1.820797] pci 0000:00:07.0: quirk: [io  0x4000-0x403f] claimed by PIIX4 ACPI
[    1.829750] pci 0000:00:07.0: quirk: [io  0x4100-0x410f] claimed by PIIX4 SMB
[    1.852511] ACPI: PCI Interrupt Link [LNKA] (IRQs 5 9 10 *11)
[    1.857002] ACPI: PCI Interrupt Link [LNKB] (IRQs 5 9 10 *11)
[    1.861747] ACPI: PCI Interrupt Link [LNKC] (IRQs 5 9 *10 11)
[    1.874315] ACPI: PCI Interrupt Link [LNKD] (IRQs 5 *9 10 11)
[    1.921804] ACPI: Enabled 2 GPEs in block 00 to 07
[    1.931942] vgaarb: setting as boot device: PCI:0000:00:02.0
[    1.935625] vgaarb: device added: PCI:0000:00:02.0,decodes=io+mem,owns=io+mem,locks=none
[    1.940769] vgaarb: loaded
[    1.943966] vgaarb: bridge control possible 0000:00:02.0
[    1.967411] SCSI subsystem initialized
[    1.992020] ACPI: bus type USB registered
[    1.993608] usbcore: registered new interface driver usbfs
[    1.995596] usbcore: registered new interface driver hub
[    1.997500] usbcore: registered new device driver usb
[    2.006718] PCI: Using ACPI for IRQ routing
[    2.014470] NetLabel: Initializing
[    2.016751] NetLabel:  domain hash size = 128
[    2.017858] NetLabel:  protocols = UNLABELED CIPSOv4
[    2.019355] NetLabel:  unlabeled traffic allowed by default
[    2.020983] amd_nb: Cannot enumerate AMD northbridges
[    2.022276] clocksource: Switched to clocksource kvm-clock
[    2.049173] AppArmor: AppArmor Filesystem Enabled
[    2.080394] pnp: PnP ACPI init
[    2.083574] pnp: PnP ACPI: found 3 devices
[    2.095955] clocksource: acpi_pm: mask: 0xffffff max_cycles: 0xffffff, max_idle_ns: 2085701024 ns
[    2.122539] NET: Registered protocol family 2
[    2.133446] TCP established hash table entries: 16384 (order: 5, 131072 bytes)
[    2.138059] TCP bind hash table entries: 16384 (order: 6, 262144 bytes)
[    2.140665] TCP: Hash tables configured (established 16384 bind 16384)
[    2.144441] UDP hash table entries: 1024 (order: 3, 32768 bytes)
[    2.155030] UDP-Lite hash table entries: 1024 (order: 3, 32768 bytes)
[    2.164628] NET: Registered protocol family 1
[    2.168481] pci 0000:00:00.0: Limiting direct PCI/PCI transfers
[    2.170947] pci 0000:00:01.0: Activating ISA DMA hang workarounds
[    2.173186] Trying to unpack rootfs image as initramfs...
[    5.563655] Freeing initrd memory: 8556K (ffff880036f3a000 - ffff880037795000)
[    5.617370] platform rtc_cmos: registered platform RTC device (no PNP device found)
[    5.654710] Scanning for low memory corruption every 60 seconds
[    5.658682] futex hash table entries: 256 (order: 2, 16384 bytes)
[    5.662231] audit: initializing netlink subsys (disabled)
[    5.705804] audit: type=2000 audit(1481364085.836:1): initialized
[    5.732902] Initialise system trusted keyring
[    5.737799] HugeTLB registered 2 MB page size, pre-allocated 0 pages
[    5.744937] zbud: loaded
[    5.748225] VFS: Disk quotas dquot_6.6.0
[    5.806646] VFS: Dquot-cache hash table entries: 512 (order 0, 4096 bytes)
[    5.810881] squashfs: version 4.0 (2009/01/31) Phillip Lougher
[    5.844970] fuse init (API version 7.23)
[    5.848240] Key type big_key registered
[    5.856545] Allocating IMA MOK and blacklist keyrings.
[    5.869588] Key type asymmetric registered
[    5.880053] Asymmetric key parser 'x509' registered
[    5.889765] Block layer SCSI generic (bsg) driver version 0.4 loaded (major 249)
[    5.898156] io scheduler noop registered
[    5.900403] io scheduler deadline registered (default)
[    5.902875] io scheduler cfq registered
[    5.905098] pci_hotplug: PCI Hot Plug PCI Core version: 0.5
[    5.907648] pciehp: PCI Express Hot Plug Controller Driver version: 0.4
[    5.910837] ACPI: AC Adapter [AC] (on-line)
[    5.912907] input: Power Button as /devices/LNXSYSTM:00/LNXPWRBN:00/input/input0
[    5.916522] ACPI: Power Button [PWRF]
[    5.918577] input: Sleep Button as /devices/LNXSYSTM:00/LNXSLPBN:00/input/input1
[    5.922042] ACPI: Sleep Button [SLPF]
[    5.925857] ACPI: Battery Slot [BAT0] (battery present)
[    5.928529] GHES: HEST is not enabled!
[    5.930651] Serial: 8250/16550 driver, 32 ports, IRQ sharing enabled
[    5.967014] 00:02: ttyS0 at I/O 0x3f8 (irq = 4, base_baud = 115200) is a 16550A
[    5.974628] Linux agpgart interface v0.103
[    5.987277] brd: module loaded
[    5.995866] loop: module loaded
[    5.997504] scsi host0: ata_piix
[    5.998596] scsi host1: ata_piix
[    5.999614] ata1: PATA max UDMA/33 cmd 0x1f0 ctl 0x3f6 bmdma 0xd000 irq 14
[    6.001180] ata2: PATA max UDMA/33 cmd 0x170 ctl 0x376 bmdma 0xd008 irq 15
[    6.005105] libphy: Fixed MDIO Bus: probed
[    6.007645] tun: Universal TUN/TAP device driver, 1.6
[    6.009399] tun: (C) 1999-2004 Max Krasnyansky <maxk@qualcomm.com>
[    6.012118] PPP generic driver version 2.4.2
[    6.014099] ehci_hcd: USB 2.0 'Enhanced' Host Controller (EHCI) Driver
[    6.016650] ehci-pci: EHCI PCI platform driver
[    6.018355] ehci-platform: EHCI generic platform driver
[    6.020674] ohci_hcd: USB 1.1 'Open' Host Controller (OHCI) Driver
[    6.029393] ohci-pci: OHCI PCI platform driver
[    6.044202] ohci-platform: OHCI generic platform driver
[    6.046726] uhci_hcd: USB Universal Host Controller Interface driver
[    6.049743] i8042: PNP: PS/2 Controller [PNP0303:PS2K,PNP0f03:PS2M] at 0x60,0x64 irq 1,12
[    6.054613] serio: i8042 KBD port at 0x60,0x64 irq 1
[    6.068006] serio: i8042 AUX port at 0x60,0x64 irq 12
[    6.073373] mousedev: PS/2 mouse device common for all mice
[    6.075690] input: AT Translated Set 2 keyboard as /devices/platform/i8042/serio0/input/input2
[    6.085140] rtc_cmos rtc_cmos: rtc core: registered rtc_cmos as rtc0
[    6.090624] rtc_cmos rtc_cmos: alarms up to one day, 114 bytes nvram
[    6.092565] i2c /dev entries driver
[    6.093768] device-mapper: uevent: version 1.0.3
[    6.097790] device-mapper: ioctl: 4.34.0-ioctl (2015-10-28) initialised: dm-devel@redhat.com
[    6.100013] ledtrig-cpu: registered to indicate activity on CPUs
[    6.103625] NET: Registered protocol family 10
[    6.106454] NET: Registered protocol family 17
[    6.107657] Key type dns_resolver registered
[    6.108951] microcode: CPU0 sig=0x20652, pf=0x4, revision=0x616
[    6.110394] microcode: Microcode Update Driver: v2.01 <tigran@aivazian.fsnet.co.uk>, Peter Oruba
[    6.112835] registered taskstats version 1
[    6.113935] Loading compiled-in X.509 certificates
[    6.116313] Loaded X.509 cert 'Build time autogenerated kernel key: e9dbd2fef92418dc580496786c7b3d419aa7d17d'
[    6.118780] zswap: loaded using pool lzo/zbud
[    6.123285] Key type trusted registered
[    6.130245] Key type encrypted registered
[    6.132724] AppArmor: AppArmor sha1 policy hashing enabled
[    6.134096] ima: No TPM chip found, activating TPM-bypass!
[    6.138314] evm: HMAC attrs: 0x1
[    6.139675]   Magic number: 12:807:21
[    6.140940] rtc_cmos rtc_cmos: setting system clock to 2016-12-10 10:01:13 UTC (1481364073)
[    6.181302] BIOS EDD facility v0.16 2004-Jun-25, 0 devices found
[    6.184473] EDD information not available.
[    6.188564] Freeing unused kernel memory: 1480K (ffffffff81f43000 - ffffffff820b5000)
[    6.191740] Write protecting the kernel read-only data: 14336k
[    6.193856] Freeing unused kernel memory: 1800K (ffff88000183e000 - ffff880001a00000)
[    6.197589] Freeing unused kernel memory: 140K (ffff880001ddd000 - ffff880001e00000)
Loading, please wait...
starting version[    6.216103] random: udevadm: uninitialized urandom read (16 bytes read, 2 bits of entropy available)
 229
[    6.221048] random: systemd-udevd: uninitialized urandom read (16 bytes read, 2 bits of entropy available)
[    6.223775] random: systemd-udevd: uninitialized urandom read (16 bytes read, 2 bits of entropy available)
[    6.228677] random: udevadm: uninitialized urandom read (16 bytes read, 2 bits of entropy available)
[    6.248023] random: systemd-udevd: uninitialized urandom read (16 bytes read, 2 bits of entropy available)
[    6.295483] random: udevadm: uninitialized urandom read (16 bytes read, 2 bits of entropy available)
[    6.312651] random: udevadm: uninitialized urandom read (16 bytes read, 2 bits of entropy available)
[    6.317172] random: udevadm: uninitialized urandom read (16 bytes read, 2 bits of entropy available)
[    6.322797] random: udevadm: uninitialized urandom read (16 bytes read, 2 bits of entropy available)
[    6.349156] random: systemd-udevd: uninitialized urandom read (16 bytes read, 2 bits of entropy available)
[    6.417878] e1000: Intel(R) PRO/1000 Network Driver - version 7.3.21-k8-NAPI
[    6.441805] e1000: Copyright (c) 1999-2006 Intel Corporation.
[    6.467322] Fusion MPT base driver 3.04.20
[    6.475535] Copyright (c) 1999-2008 LSI Corporation
[    6.532360] Fusion MPT SPI Host driver 3.04.20
[    6.679312] tsc: Refined TSC clocksource calibration: 2261.115 MHz
[    6.683177] clocksource: tsc: mask: 0xffffffffffffffff max_cycles: 0x2097b80027c, max_idle_ns: 440795257450 ns
[    6.690314] input: ImExPS/2 Generic Explorer Mouse as /devices/platform/i8042/serio1/input/input4
[    6.789416] mptbase: ioc0: Initiating bringup
[    6.874729] ioc0: LSI53C1030 A0: Capabilities={Initiator}
[    7.122920] scsi host2: ioc0: LSI53C1030 A0, FwRev=00000000h, Ports=1, MaxQ=256, IRQ=20
[    7.241732] scsi 2:0:0:0: Direct-Access     VBOX     HARDDISK         1.0  PQ: 0 ANSI: 5
[    7.245502] scsi target2:0:0: Beginning Domain Validation
[    7.250529] scsi target2:0:0: Domain Validation skipping write tests
[    7.256417] scsi target2:0:0: Ending Domain Validation
[    7.260006] scsi target2:0:0: asynchronous
[    7.264535] scsi 2:0:1:0: Direct-Access     VBOX     HARDDISK         1.0  PQ: 0 ANSI: 5
[    7.267862] scsi target2:0:1: Beginning Domain Validation
[    7.333992] scsi target2:0:1: Domain Validation skipping write tests
[    7.337468] scsi target2:0:1: Ending Domain Validation
[    7.355729] scsi target2:0:1: asynchronous
[    7.501461] sd 2:0:0:0: Attached scsi generic sg0 type 0
[    7.504499] sd 2:0:0:0: [sda] 20971520 512-byte logical blocks: (10.7 GB/10.0 GiB)
[    7.508315] sd 2:0:1:0: [sdb] 20480 512-byte logical blocks: (10.5 MB/10.0 MiB)
[    7.511958] sd 2:0:1:0: Attached scsi generic sg1 type 0
[    7.513563] sd 2:0:1:0: [sdb] Write Protect is off
[    7.516163] sd 2:0:0:0: [sda] Write Protect is off
[    7.530717] sd 2:0:1:0: [sdb] Incomplete mode parameter data
[    7.532101] sd 2:0:1:0: [sdb] Assuming drive cache: write through
[    7.558968] sd 2:0:0:0: [sda] Incomplete mode parameter data
[    7.561893] sd 2:0:0:0: [sda] Assuming drive cache: write through
[    7.708113] e1000 0000:00:03.0 eth0: (PCI:33MHz:32-bit) 02:fc:3e:21:ea:fe
[    7.745256] e1000 0000:00:03.0 eth0: Intel(R) PRO/1000 Network Connection
[    7.748227] e1000 0000:00:03.0 enp0s3: renamed from eth0
[    7.801455]  sda: sda1
[    7.803911] sd 2:0:0:0: [sda] Attached SCSI disk
[    7.820834] sd 2:0:1:0: [sdb] Attached SCSI disk
[    9.518474] floppy0: no floppy controllers found
Begin: Loading essential drivers ... [   11.162202] md: linear personality registered for level -1
[   11.201181] md: multipath personality registered for level -4
[   11.286404] md: raid0 personality registered for level 0
[   11.379772] md: raid1 personality registered for level 1
[   11.486565] raid6: sse2x1   gen()  2854 MB/s
[   11.554619] raid6: sse2x1   xor()  2329 MB/s
[   11.622714] raid6: sse2x2   gen()  3707 MB/s
[   11.690766] raid6: sse2x2   xor()  2641 MB/s
[   11.766834] raid6: sse2x4   gen()  4288 MB/s
[   11.834378] raid6: sse2x4   xor()  3273 MB/s
[   11.837556] raid6: using algorithm sse2x4 gen() 4288 MB/s
[   11.839119] raid6: .... xor() 3273 MB/s, rmw enabled
[   11.840544] raid6: using ssse3x2 recovery algorithm
[   11.853051] xor: measuring software checksum speed
[   11.894487]    prefetch64-sse:  8618.000 MB/sec
[   11.934745]    generic_sse:  8564.000 MB/sec
[   11.938116] xor: using function: prefetch64-sse (8618.000 MB/sec)
[   11.947014] async_tx: api initialized (async)
[   11.972680] md: raid6 personality registered for level 6
[   11.975467] md: raid5 personality registered for level 5
[   11.977064] md: raid4 personality registered for level 4
[   11.988696] md: raid10 personality registered for level 10
done.
Begin: Running /scripts/init-premount ... done.
Begin: Mounting root file system ... Begin: Running /scripts/local-top ... done.
Begin: Running /scripts/local-premount ... [   12.046257] Btrfs loaded
Scanning for Btrfs filesystems
done.
Warning: fsck not present, so skipping root file system
[   12.324381] EXT4-fs (sda1): mounted filesystem with ordered data mode. Opts: (null)
done.
Begin: Running /scripts/local-bottom ... done.
Begin: Running /scripts/init-bottom ... [   12.479602] random: nonblocking pool is initialized
Warning: overlayroot: debug is busted
done.
[   16.199135] systemd[1]: systemd 229 running in system mode. (+PAM +AUDIT +SELINUX +IMA +APPARMOR +SMACK +SYSVINIT +UTMP +LIBCRYPTSETUP +GCRYPT +GNUTLS +ACL +XZ -LZ4 +SECCOMP +BLKID +ELFUTILS +KMOD -IDN)
[   16.217287] systemd[1]: Detected virtualization oracle.
[   16.218556] systemd[1]: Detected architecture x86-64.

Welcome to [1mUbuntu 16.04.1 LTS[0m!

[   16.375525] systemd[1]: Set hostname to <experteese>.
[   20.764780] systemd[1]: Reached target Encrypted Volumes.
[[0;32m  OK  [0m] Reached target Encrypted Volumes.
[   20.807391] systemd[1]: Set up automount Arbitrary Executable File Formats File System Automount Point.
[[0;32m  OK  [0m] Set up automount Arbitrary Executab...ats File System Automount Point.
[   20.812103] systemd[1]: Reached target User and Group Name Lookups.
[[0;32m  OK  [0m] Reached target User and Group Name Lookups.
[   20.831900] systemd[1]: Started Forward Password Requests to Wall Directory Watch.
[[0;32m  OK  [0m] Started Forward Password Requests to Wall Directory Watch.
[   20.850461] systemd[1]: Listening on LVM2 poll daemon socket.
[[0;32m  OK  [0m] Listening on LVM2 poll daemon socket.
[   20.860918] systemd[1]: Created slice System Slice.
[[0;32m  OK  [0m] Created slice System Slice.
[   20.866948] systemd[1]: Listening on Device-mapper event daemon FIFOs.
[[0;32m  OK  [0m] Listening on Device-mapper event daemon FIFOs.
[   20.873243] systemd[1]: Listening on Syslog Socket.
[[0;32m  OK  [0m] Listening on Syslog Socket.
[   20.877747] systemd[1]: Created slice User and Session Slice.
[[0;32m  OK  [0m] Created slice User and Session Slice.
[   20.885029] systemd[1]: Created slice system-postgresql.slice.
[[0;32m  OK  [0m] Created slice system-postgresql.slice.
[   20.910615] systemd[1]: Listening on Journal Socket (/dev/log).
[[0;32m  OK  [0m] Listening on Journal Socket (/dev/log).
[   20.921523] systemd[1]: Listening on Journal Audit Socket.
[[0;32m  OK  [0m] Listening on Journal Audit Socket.
[   20.925451] systemd[1]: Created slice system-serial\x2dgetty.slice.
[[0;32m  OK  [0m] Created slice system-serial\x2dgetty.slice.
[   20.931328] systemd[1]: Reached target Slices.
[[0;32m  OK  [0m] Reached target Slices.
[   20.934709] systemd[1]: Listening on Journal Socket.
[[0;32m  OK  [0m] Listening on Journal Socket.
[   20.939921] systemd[1]: Mounting Debug File System...
         Mounting Debug File System...
[   21.109284] systemd[1]: Starting Load Kernel Modules...
         Starting Load Kernel Modules...
[   21.136217] systemd[1]: Starting Remount Root and Kernel File Systems...
         Starting Remount Root and Kernel File Systems...
[   21.152365] systemd[1]: Starting Uncomplicated firewall...
         Starting Uncomplicated firewall...
[   21.156828] systemd[1]: Starting Nameserver information manager...
         Starting Nameserver information manager...
[   21.175603] systemd[1]: Mounting POSIX Message Queue File System...
         Mounting POSIX Message Queue File System...
[   21.181536] systemd[1]: Mounting Huge Pages File System...
         Mounting Huge Pages File System...
[   21.190423] systemd[1]: Starting Set console keymap...
         Starting Set console keymap...
[   21.194962] systemd[1]: Listening on udev Control Socket.
[[0;32m  OK  [0m] Listening on udev Control Socket.
[   21.207125] systemd[1]: Listening on /dev/initctl Compatibility Named Pipe.
[[0;32m  OK  [0m] Listening on /dev/initctl Compatibility Named Pipe.
[   21.239831] systemd[1]: Listening on udev Kernel Socket.
[[0;32m  OK  [0m] Listening on udev Kernel Socket.
[   21.261155] systemd[1]: Listening on LVM2 metadata daemon socket.
[[0;32m  OK  [0m] Listening on LVM2 metadata daemon socket.
[   21.265690] systemd[1]: Starting Monitoring of LVM2 mirrors, snapshots etc. using dmeventd or progress polling...
         Starting Monitoring of LVM2 mirrors... dmeventd or progress polling...
[   21.273307] systemd[1]: Starting Journal Service...
         Starting Journal Service...
[   21.290523] systemd[1]: Reached target Swap.
[[0;32m  OK  [0m] Reached target Swap.
[   21.325391] systemd[1]: Starting Create list of required static device nodes for the current kernel...
         Starting Create list of required st... nodes for the current kernel...
[   21.711255] systemd[1]: Mounted Huge Pages File System.
[[0;32m  OK  [0m] Mounted Huge Pages File System.
[   21.724738] systemd[1]: Mounted Debug File System.
[[0;32m  OK  [0m] Mounted Debug File System.
[   21.728013] systemd[1]: Mounted POSIX Message Queue File System.
[[0;32m  OK  [0m] Mounted POSIX Message Queue File System.
[   21.751625] systemd[1]: Started Uncomplicated firewall.
[[0;32m  OK  [0m] Started Uncomplicated firewall.
[   21.845663] Loading iSCSI transport class v2.0-870.
[   21.870210] systemd[1]: Started Create list of required static device nodes for the current kernel.
[   21.872674] EXT4-fs (sda1): re-mounted. Opts: (null)
[[0;32m  OK  [0m] Started Create list of required sta...ce nodes for the current kernel.
[   21.878737] systemd[1]: Started Remount Root and Kernel File Systems.
[[0;32m  OK  [0m] Started Remount Root and Kernel File Systems.
[   22.005275] iscsi: registered transport (tcp)
[   22.172989] systemd[1]: Starting udev Coldplug all Devices...
         Starting udev Coldplug all Devices...
[   22.193770] systemd[1]: Starting Initial cloud-init job (pre-networking)...
         Starting Initial cloud-init job (pre-networking)...
[   22.212014] systemd[1]: Starting Load/Save Random Seed...
         Starting Load/Save Random Seed...
[   22.224524] systemd[1]: Starting Create Static Device Nodes in /dev...
         Starting Create Static Device Nodes in /dev...
[   22.284952] systemd[1]: Started Nameserver information manager.
[[0;32m  OK  [0m] Started Nameserver information manager.
[   22.668598] systemd[1]: Started Set console keymap.
[[0;32m  OK  [0m] Started Set console keymap.
[   22.708101] systemd[1]: Started udev Coldplug all Devices.
[[0;32m  OK  [0m] Started udev Coldplug all Devices.
[   22.878849] iscsi: registered transport (iser)
[   22.888004] systemd[1]: Started Load Kernel Modules.
[[0;32m  OK  [0m] Started Load Kernel Modules.
[   22.920674] systemd[1]: Mounting FUSE Control File System...
         Mounting FUSE Control File System...
[   23.049187] systemd[1]: Starting Apply Kernel Variables...
         Starting Apply Kernel Variables...
[   23.129219] systemd[1]: Mounted FUSE Control File System.
[[0;32m  OK  [0m] Mounted FUSE Control File System.
[   23.147227] systemd[1]: Started Journal Service.
[[0;32m  OK  [0m] Started Journal Service.
[[0;32m  OK  [0m] Started LVM2 metadata daemon.
         Starting Flush Journal to Persistent Storage...
[[0;32m  OK  [0m] Started Load/Save Random Seed.
[   23.594340] systemd-journald[406]: Received request to flush runtime journal from PID 1
[[0;32m  OK  [0m] Started Flush Journal to Persistent Storage.
[[0;32m  OK  [0m] Started Apply Kernel Variables.
[[0;32m  OK  [0m] Started Monitoring of LVM2 mirrors,...ng dmeventd or progress polling.
[[0;32m  OK  [0m] Started Create Static Device Nodes in /dev.
         Starting udev Kernel Device Manager...
[[0;32m  OK  [0m] Started udev Kernel Device Manager.
[[0;32m  OK  [0m] Reached target Local File Systems (Pre).
[[0;32m  OK  [0m] Reached target Local File Systems.
         Starting Create Volatile Files and Directories...
         Starting LSB: AppArmor initialization...
         Starting Tell Plymouth To Write Out Runtime Data...
         Starting Run snappy firstboot setup...
         Starting Set console font and keymap...
[[0;32m  OK  [0m] Started Dispatch Password Requests to Console Directory Watch.
[[0;32m  OK  [0m] Started Tell Plymouth To Write Out Runtime Data.
[[0;32m  OK  [0m] Found device /dev/ttyS0.
[[0;32m  OK  [0m] Listening on Load/Save RF Kill Switch Status /dev/rfkill Watch.
[[0;32m  OK  [0m] Found device 82540EM Gigabit Ethern...r (PRO/1000 MT Desktop Adapter).
[[0;32m  OK  [0m] Started Create Volatile Files and Directories.
         Starting Update UTMP about System Boot/Shutdown...
[[0;32m  OK  [0m] Reached target System Time Synchronized.
[[0;32m  OK  [0m] Started Set console font and keymap.
[[0;32m  OK  [0m] Created slice system-getty.slice.
[[0;32m  OK  [0m] Started Update UTMP about System Boot/Shutdown.
[[0;32m  OK  [0m] Started Run snappy firstboot setup.
[[0;32m  OK  [0m] Started LSB: AppArmor initialization.
[   49.285465] cloud-init[433]: Cloud-init v. 0.7.8 running 'init-local' at Sat, 10 Dec 2016 10:01:53 +0000. Up 44.70 seconds.
[[0;32m  OK  [0m] Started Initial cloud-init job (pre-networking).
[[0;32m  OK  [0m] Reached target Network (Pre).
         Starting Raise network interfaces...
[[0;32m  OK  [0m] Started ifup for enp0s3.
[[0;32m  OK  [0m] Started Raise network interfaces.
[[0;32m  OK  [0m] Reached target Network.
         Starting Initial cloud-init job (metadata service crawler)...
[   51.730340] cloud-init[970]: Cloud-init v. 0.7.8 running 'init' at Sat, 10 Dec 2016 10:01:59 +0000. Up 50.72 seconds.
[   51.746030] cloud-init[970]: ci-info: +++++++++++++++++++++++++++++++++++++Net device info++++++++++++++++++++++++++++++++++++++
[   51.760956] cloud-init[970]: ci-info: +--------+------+----------------------------+---------------+-------+-------------------+
[   51.791782] cloud-init[970]: ci-info: | Device |  Up  |          Address           |      Mask     | Scope |     Hw-Address    |
[   51.796834] cloud-init[970]: ci-info: +--------+------+----------------------------+---------------+-------+-------------------+
[   51.824962] cloud-init[970]: ci-info: | enp0s3 | True |         10.0.2.15          | 255.255.255.0 |   .   | 02:fc:3e:21:ea:fe |
[   51.852882] cloud-init[970]: ci-info: | enp0s3 | True | fe80::fc:3eff:fe21:eafe/64 |       .       |  link | 02:fc:3e:21:ea:fe |
[   51.876837] cloud-init[970]: ci-info: |   lo   | True |         127.0.0.1          |   255.0.0.0   |   .   |         .         |
[[0;32m  OK  [0m] [   51.884306] cloud-init[970]: ci-info: |   lo   | True |          ::1/128           |       .       |  host |         .         |
[   51.884952] cloud-init[970]: ci-info: +--------+------+----------------------------+---------------+-------+-------------------+
[   51.885093] cloud-init[970]: ci-info: +++++++++++++++++++++++++++Route IPv4 info++++++++++++++++++++++++++++
[   51.885215] cloud-init[970]: ci-info: +-------+-------------+----------+---------------+-----------+-------+
[   51.885336] cloud-init[970]: ci-info: | Route | Destination | Gateway  |    Genmask    | Interface | Flags |
[   51.885489] cloud-init[970]: ci-info: +-------+-------------+----------+---------------+-----------+-------+
[   51.885611] cloud-init[970]: ci-info: |   0   |   0.0.0.0   | 10.0.2.2 |    0.0.0.0    |   enp0s3  |   UG  |
[   51.885730] cloud-init[970]: ci-info: |   1   |   10.0.2.0  | 0.0.0.0  | 255.255.255.0 |   enp0s3  |   U   |
[   51.885850] cloud-init[970]: ci-info: +-------+-------------+----------+---------------+-----------+-------+
Started Initial cloud-init job (metadata service crawler).
[[0;32m  OK  [0m] Reached target System Initialization.
         Starting Socket activation for snappy daemon.
[[0;32m  OK  [0m] Listening on ACPID Listen Socket.
[[0;32m  OK  [0m] Started Daily apt activities.
[[0;32m  OK  [0m] Started ACPI Events Check.
[[0;32m  OK  [0m] Started Trigger resolvconf update for networkd DNS.
[[0;32m  OK  [0m] Reached target Paths.
         Starting LXD - unix socket.
[[0;32m  OK  [0m] Started Daily Cleanup of Temporary Directories.
[[0;32m  OK  [0m] Started Timer to automatically refresh installed snaps.
[[0;32m  OK  [0m] Reached target Timers.
[[0;32m  OK  [0m] Listening on D-Bus System Message Bus Socket.
[[0;32m  OK  [0m] Listening on UUID daemon activation socket.
[[0;32m  OK  [0m] Reached target Network is Online.
         Starting iSCSI initiator daemon (iscsid)...
[[0;32m  OK  [0m] Reached target Cloud-config availability.
[[0;32m  OK  [0m] Listening on Socket activation for snappy daemon.
[[0;32m  OK  [0m] Listening on LXD - unix socket.
[[0;32m  OK  [0m] Reached target Sockets.
[[0;32m  OK  [0m] Reached target Basic System.
[[0;32m  OK  [0m] Started ACPI event daemon.
         Starting LXD - container startup/shutdown...
         Starting /etc/rc.local Compatibility...
         Starting LSB: Record successful boot for GRUB...
[[0;32m  OK  [0m] Started D-Bus System Message Bus.
         Starting Login Service...
         Starting OpenBSD Secure Shell server...
[[0;32m  OK  [0m] Started Deferred execution scheduler.
         Starting System Logging Service...
         Starting Accounts Service...
         Starting PostgreSQL Cluster 9.5-main...
[[0;32m  OK  [0m] Started Regular background program processing daemon.
         Starting LSB: MD monitoring daemon...
         Starting Apply the settings specified in cloud-config...
[[0;32m  OK  [0m] Started FUSE filesystem for LXC.
[[0;32m  OK  [0m] Started Snappy daemon.
[[0;32m  OK  [0m] Started /etc/rc.local Compatibility.
[[0;32m  OK  [0m] Started Login Service.
[[0;32m  OK  [0m] Started iSCSI initiator daemon (iscsid).
         Starting Login to default iSCSI targets...
[[0;32m  OK  [0m] Started LSB: Record successful boot for GRUB.
[[0;32m  OK  [0m] Started Login to default iSCSI targets.
[[0;32m  OK  [0m] Started LSB: MD monitoring daemon.
[[0;32m  OK  [0m] Reached target Remote File Systems (Pre).
[[0;32m  OK  [0m] Reached target Remote File Systems.
         Starting LSB: daemon to balance interrupts for SMP systems...
         Starting LSB: VirtualBox Linux Additions...
         Starting Permit User Sessions...
         Starting LSB: Set the CPU Frequency Scaling governor to "ondemand"...
         Starting LSB: automatic crash report generation...
         Starting LSB: Start/stop sysstat's sadc...
[[0;32m  OK  [0m] Started LSB: Set the CPU Frequency Scaling governor to "ondemand".
[[0;32m  OK  [0m] Started LSB: Start/stop sysstat's sadc.
[[0;32m  OK  [0m] Started LSB: automatic crash report generation.
[[0;32m  OK  [0m] Started Permit User Sessions.
         Starting Terminate Plymouth Boot Screen...
         Starting Hold until boot process finishes up...
[[0;32m  OK  [0m] Started Terminate Plymouth Boot Screen.
[[0;32m  OK  [0m] Started Hold until boot process finishes up.
         Starting Set console scheme...
[[0;32m  OK  [0m] Started Getty on tty1.
[[0;32m  OK  [0m] Started Serial Getty on ttyS0.
[[0;32m  OK  [0m] Reached target Login Prompts.
[[0;32m  OK  [0m] Started Set console scheme.
[   55.949303] cloud-init[1066]: Cloud-init v. 0.7.8 running 'modules:config' at Sat, 10 Dec 2016 10:02:03 +0000. Up 54.38 seconds.
[[0;32m  OK  [0m] Started System Logging Service.
[[0;32m  OK  [0m] Started LSB: daemon to balance interrupts for SMP systems.
[[0;32m  OK  [0m] Started Apply the settings specified in cloud-config.
[[0;32m  OK  [0m] Started LSB: VirtualBox Linux Additions.
[[0;32m  OK  [0m] Started LXD - container startup/shutdown.
[[0;32m  OK  [0m] Started OpenBSD Secure Shell server.
         Starting Authenticate and Authorize Users to Run Privileged Tasks...
[[0;32m  OK  [0m] Started Authenticate and Authorize Users to Run Privileged Tasks.
[[0;32m  OK  [0m] Started Accounts Service.

Ubuntu 16.04.1 LTS experteese ttyS0

experteese login: [   70.212062] cloud-init[1473]: Cloud-init v. 0.7.8 running 'modules:final' at Sat, 10 Dec 2016 10:02:18 +0000. Up 69.75 seconds.
[   70.215995] cloud-init[1473]: Cloud-init v. 0.7.8 finished at Sat, 10 Dec 2016 10:02:18 +0000. Datasource DataSourceNoCloud [seed=/dev/sdb][dsmode=net].  Up 70.18 seconds
